08-Oct-2024 01:33:29.877 INFO [main] org.apache.catalina.startup.VersionLoggerListener.log Server version name:   Apache Tomcat/11.0.0-M26
08-Oct-2024 01:33:29.881 INFO [main] org.apache.catalina.startup.VersionLoggerListener.log Server built:          Sep 13 2024 16:51:17 UTC
08-Oct-2024 01:33:29.881 INFO [main] org.apache.catalina.startup.VersionLoggerListener.log Server version number: 11.0.0.0
08-Oct-2024 01:33:29.881 INFO [main] org.apache.catalina.startup.VersionLoggerListener.log OS Name:               Mac OS X
08-Oct-2024 01:33:29.881 INFO [main] org.apache.catalina.startup.VersionLoggerListener.log OS Version:            14.0
08-Oct-2024 01:33:29.881 INFO [main] org.apache.catalina.startup.VersionLoggerListener.log Architecture:          aarch64
08-Oct-2024 01:33:29.881 INFO [main] org.apache.catalina.startup.VersionLoggerListener.log Java Home:             /Users/yurichoi/Library/Java/JavaVirtualMachines/openjdk-22/Contents/Home
08-Oct-2024 01:33:29.882 INFO [main] org.apache.catalina.startup.VersionLoggerListener.log JVM Version:           22+36-2370
08-Oct-2024 01:33:29.882 INFO [main] org.apache.catalina.startup.VersionLoggerListener.log JVM Vendor:            Oracle Corporation
08-Oct-2024 01:33:29.882 INFO [main] org.apache.catalina.startup.VersionLoggerListener.log CATALINA_BASE:         /Users/yurichoi/Library/CloudStorage/OneDrive-UTS/ASD/AdvSoftwareDevG3/apache-tomcat-11.0.0-M26
08-Oct-2024 01:33:29.882 INFO [main] org.apache.catalina.startup.VersionLoggerListener.log CATALINA_HOME:         /Users/yurichoi/Library/CloudStorage/OneDrive-UTS/ASD/AdvSoftwareDevG3/apache-tomcat-11.0.0-M26
08-Oct-2024 01:33:29.893 INFO [main] org.apache.catalina.startup.VersionLoggerListener.log Command line argument: -Djava.util.logging.config.file=/Users/yurichoi/Library/CloudStorage/OneDrive-UTS/ASD/AdvSoftwareDevG3/apache-tomcat-11.0.0-M26/conf/logging.properties
08-Oct-2024 01:33:29.894 INFO [main] org.apache.catalina.startup.VersionLoggerListener.log Command line argument: -Djava.util.logging.manager=org.apache.juli.ClassLoaderLogManager
08-Oct-2024 01:33:29.894 INFO [main] org.apache.catalina.startup.VersionLoggerListener.log Command line argument: -Dhttp.nonProxyHosts=localhost|127.0.0.1|yuls-MacBookPro
08-Oct-2024 01:33:29.894 INFO [main] org.apache.catalina.startup.VersionLoggerListener.log Command line argument: -Djdk.tls.ephemeralDHKeySize=2048
08-Oct-2024 01:33:29.894 INFO [main] org.apache.catalina.startup.VersionLoggerListener.log Command line argument: -Dorg.apache.catalina.security.SecurityListener.UMASK=0027
08-Oct-2024 01:33:29.894 INFO [main] org.apache.catalina.startup.VersionLoggerListener.log Command line argument: --add-opens=java.base/java.lang=ALL-UNNAMED
08-Oct-2024 01:33:29.894 INFO [main] org.apache.catalina.startup.VersionLoggerListener.log Command line argument: --add-opens=java.base/java.io=ALL-UNNAMED
08-Oct-2024 01:33:29.894 INFO [main] org.apache.catalina.startup.VersionLoggerListener.log Command line argument: --add-opens=java.base/java.util=ALL-UNNAMED
08-Oct-2024 01:33:29.895 INFO [main] org.apache.catalina.startup.VersionLoggerListener.log Command line argument: --add-opens=java.base/java.util.concurrent=ALL-UNNAMED
08-Oct-2024 01:33:29.895 INFO [main] org.apache.catalina.startup.VersionLoggerListener.log Command line argument: --add-opens=java.rmi/sun.rmi.transport=ALL-UNNAMED
08-Oct-2024 01:33:29.895 INFO [main] org.apache.catalina.startup.VersionLoggerListener.log Command line argument: --enable-native-access=ALL-UNNAMED
08-Oct-2024 01:33:29.895 INFO [main] org.apache.catalina.startup.VersionLoggerListener.log Command line argument: -Dcatalina.base=/Users/yurichoi/Library/CloudStorage/OneDrive-UTS/ASD/AdvSoftwareDevG3/apache-tomcat-11.0.0-M26
08-Oct-2024 01:33:29.895 INFO [main] org.apache.catalina.startup.VersionLoggerListener.log Command line argument: -Dcatalina.home=/Users/yurichoi/Library/CloudStorage/OneDrive-UTS/ASD/AdvSoftwareDevG3/apache-tomcat-11.0.0-M26
08-Oct-2024 01:33:29.895 INFO [main] org.apache.catalina.startup.VersionLoggerListener.log Command line argument: -Djava.io.tmpdir=/Users/yurichoi/Library/CloudStorage/OneDrive-UTS/ASD/AdvSoftwareDevG3/apache-tomcat-11.0.0-M26/temp
08-Oct-2024 01:33:29.910 INFO [main] org.apache.catalina.core.AprLifecycleListener.lifecycleEvent The Apache Tomcat Native library which allows using OpenSSL was not found on the java.library.path: [/Users/yurichoi/Library/Java/Extensions:/Library/Java/Extensions:/Network/Library/Java/Extensions:/System/Library/Java/Extensions:/usr/lib/java:.]
08-Oct-2024 01:33:30.210 INFO [main] org.apache.coyote.AbstractProtocol.init Initializing ProtocolHandler ["http-nio-8080"]
08-Oct-2024 01:33:30.238 INFO [main] org.apache.catalina.startup.Catalina.load Server initialization in [521] milliseconds
08-Oct-2024 01:33:30.275 INFO [main] org.apache.catalina.core.StandardService.startInternal Starting service [Catalina]
08-Oct-2024 01:33:30.275 INFO [main] org.apache.catalina.core.StandardEngine.startInternal Starting Servlet engine: [Apache Tomcat/11.0.0-M26]
08-Oct-2024 01:33:30.282 INFO [main] org.apache.catalina.startup.HostConfig.deployDirectory Deploying web application directory [/Users/yurichoi/Library/CloudStorage/OneDrive-UTS/ASD/AdvSoftwareDevG3/apache-tomcat-11.0.0-M26/webapps/docs]
08-Oct-2024 01:33:30.601 INFO [main] org.apache.catalina.startup.HostConfig.deployDirectory Deployment of web application directory [/Users/yurichoi/Library/CloudStorage/OneDrive-UTS/ASD/AdvSoftwareDevG3/apache-tomcat-11.0.0-M26/webapps/docs] has finished in [319] ms
08-Oct-2024 01:33:30.602 INFO [main] org.apache.catalina.startup.HostConfig.deployDirectory Deploying web application directory [/Users/yurichoi/Library/CloudStorage/OneDrive-UTS/ASD/AdvSoftwareDevG3/apache-tomcat-11.0.0-M26/webapps/manager]
08-Oct-2024 01:33:30.667 INFO [main] org.apache.catalina.startup.HostConfig.deployDirectory Deployment of web application directory [/Users/yurichoi/Library/CloudStorage/OneDrive-UTS/ASD/AdvSoftwareDevG3/apache-tomcat-11.0.0-M26/webapps/manager] has finished in [64] ms
08-Oct-2024 01:33:30.667 INFO [main] org.apache.catalina.startup.HostConfig.deployDirectory Deploying web application directory [/Users/yurichoi/Library/CloudStorage/OneDrive-UTS/ASD/AdvSoftwareDevG3/apache-tomcat-11.0.0-M26/webapps/examples]
08-Oct-2024 01:33:30.946 INFO [main] org.apache.catalina.startup.HostConfig.deployDirectory Deployment of web application directory [/Users/yurichoi/Library/CloudStorage/OneDrive-UTS/ASD/AdvSoftwareDevG3/apache-tomcat-11.0.0-M26/webapps/examples] has finished in [279] ms
08-Oct-2024 01:33:30.946 INFO [main] org.apache.catalina.startup.HostConfig.deployDirectory Deploying web application directory [/Users/yurichoi/Library/CloudStorage/OneDrive-UTS/ASD/AdvSoftwareDevG3/apache-tomcat-11.0.0-M26/webapps/ROOT]
08-Oct-2024 01:33:30.966 INFO [main] org.apache.catalina.startup.HostConfig.deployDirectory Deployment of web application directory [/Users/yurichoi/Library/CloudStorage/OneDrive-UTS/ASD/AdvSoftwareDevG3/apache-tomcat-11.0.0-M26/webapps/ROOT] has finished in [20] ms
08-Oct-2024 01:33:30.966 INFO [main] org.apache.catalina.startup.HostConfig.deployDirectory Deploying web application directory [/Users/yurichoi/Library/CloudStorage/OneDrive-UTS/ASD/AdvSoftwareDevG3/apache-tomcat-11.0.0-M26/webapps/host-manager]
08-Oct-2024 01:33:30.985 INFO [main] org.apache.catalina.startup.HostConfig.deployDirectory Deployment of web application directory [/Users/yurichoi/Library/CloudStorage/OneDrive-UTS/ASD/AdvSoftwareDevG3/apache-tomcat-11.0.0-M26/webapps/host-manager] has finished in [18] ms
08-Oct-2024 01:33:30.988 INFO [main] org.apache.coyote.AbstractProtocol.start Starting ProtocolHandler ["http-nio-8080"]
08-Oct-2024 01:33:30.999 INFO [main] org.apache.catalina.startup.Catalina.start Server startup in [760] milliseconds
08-Oct-2024 01:59:01.993 INFO [main] org.apache.catalina.core.StandardServer.await A valid shutdown command was received via the shutdown port. Stopping the Server instance.
08-Oct-2024 01:59:01.994 INFO [main] org.apache.coyote.AbstractProtocol.pause Pausing ProtocolHandler ["http-nio-8080"]
08-Oct-2024 01:59:02.000 INFO [main] org.apache.catalina.core.StandardService.stopInternal Stopping service [Catalina]
08-Oct-2024 01:59:02.025 INFO [main] org.apache.coyote.AbstractProtocol.stop Stopping ProtocolHandler ["http-nio-8080"]
08-Oct-2024 01:59:02.037 INFO [main] org.apache.coyote.AbstractProtocol.destroy Destroying ProtocolHandler ["http-nio-8080"]
08-Oct-2024 01:59:05.152 INFO [main] org.apache.catalina.startup.VersionLoggerListener.log Server version name:   Apache Tomcat/11.0.0-M26
08-Oct-2024 01:59:05.155 INFO [main] org.apache.catalina.startup.VersionLoggerListener.log Server built:          Sep 13 2024 16:51:17 UTC
08-Oct-2024 01:59:05.155 INFO [main] org.apache.catalina.startup.VersionLoggerListener.log Server version number: 11.0.0.0
08-Oct-2024 01:59:05.155 INFO [main] org.apache.catalina.startup.VersionLoggerListener.log OS Name:               Mac OS X
08-Oct-2024 01:59:05.155 INFO [main] org.apache.catalina.startup.VersionLoggerListener.log OS Version:            14.0
08-Oct-2024 01:59:05.155 INFO [main] org.apache.catalina.startup.VersionLoggerListener.log Architecture:          aarch64
08-Oct-2024 01:59:05.155 INFO [main] org.apache.catalina.startup.VersionLoggerListener.log Java Home:             /Users/yurichoi/Library/Java/JavaVirtualMachines/openjdk-22/Contents/Home
08-Oct-2024 01:59:05.155 INFO [main] org.apache.catalina.startup.VersionLoggerListener.log JVM Version:           22+36-2370
08-Oct-2024 01:59:05.155 INFO [main] org.apache.catalina.startup.VersionLoggerListener.log JVM Vendor:            Oracle Corporation
08-Oct-2024 01:59:05.155 INFO [main] org.apache.catalina.startup.VersionLoggerListener.log CATALINA_BASE:         /Users/yurichoi/Library/CloudStorage/OneDrive-UTS/ASD/AdvSoftwareDevG3/apache-tomcat-11.0.0-M26
08-Oct-2024 01:59:05.155 INFO [main] org.apache.catalina.startup.VersionLoggerListener.log CATALINA_HOME:         /Users/yurichoi/Library/CloudStorage/OneDrive-UTS/ASD/AdvSoftwareDevG3/apache-tomcat-11.0.0-M26
08-Oct-2024 01:59:05.163 INFO [main] org.apache.catalina.startup.VersionLoggerListener.log Command line argument: -Djava.util.logging.config.file=/Users/yurichoi/Library/CloudStorage/OneDrive-UTS/ASD/AdvSoftwareDevG3/apache-tomcat-11.0.0-M26/conf/logging.properties
08-Oct-2024 01:59:05.163 INFO [main] org.apache.catalina.startup.VersionLoggerListener.log Command line argument: -Djava.util.logging.manager=org.apache.juli.ClassLoaderLogManager
08-Oct-2024 01:59:05.163 INFO [main] org.apache.catalina.startup.VersionLoggerListener.log Command line argument: -Dhttp.nonProxyHosts=localhost|127.0.0.1|yuls-MacBookPro
08-Oct-2024 01:59:05.164 INFO [main] org.apache.catalina.startup.VersionLoggerListener.log Command line argument: -Djdk.tls.ephemeralDHKeySize=2048
08-Oct-2024 01:59:05.164 INFO [main] org.apache.catalina.startup.VersionLoggerListener.log Command line argument: -Dorg.apache.catalina.security.SecurityListener.UMASK=0027
08-Oct-2024 01:59:05.164 INFO [main] org.apache.catalina.startup.VersionLoggerListener.log Command line argument: --add-opens=java.base/java.lang=ALL-UNNAMED
08-Oct-2024 01:59:05.164 INFO [main] org.apache.catalina.startup.VersionLoggerListener.log Command line argument: --add-opens=java.base/java.io=ALL-UNNAMED
08-Oct-2024 01:59:05.164 INFO [main] org.apache.catalina.startup.VersionLoggerListener.log Command line argument: --add-opens=java.base/java.util=ALL-UNNAMED
08-Oct-2024 01:59:05.164 INFO [main] org.apache.catalina.startup.VersionLoggerListener.log Command line argument: --add-opens=java.base/java.util.concurrent=ALL-UNNAMED
08-Oct-2024 01:59:05.164 INFO [main] org.apache.catalina.startup.VersionLoggerListener.log Command line argument: --add-opens=java.rmi/sun.rmi.transport=ALL-UNNAMED
08-Oct-2024 01:59:05.164 INFO [main] org.apache.catalina.startup.VersionLoggerListener.log Command line argument: --enable-native-access=ALL-UNNAMED
08-Oct-2024 01:59:05.164 INFO [main] org.apache.catalina.startup.VersionLoggerListener.log Command line argument: -Dcatalina.base=/Users/yurichoi/Library/CloudStorage/OneDrive-UTS/ASD/AdvSoftwareDevG3/apache-tomcat-11.0.0-M26
08-Oct-2024 01:59:05.164 INFO [main] org.apache.catalina.startup.VersionLoggerListener.log Command line argument: -Dcatalina.home=/Users/yurichoi/Library/CloudStorage/OneDrive-UTS/ASD/AdvSoftwareDevG3/apache-tomcat-11.0.0-M26
08-Oct-2024 01:59:05.164 INFO [main] org.apache.catalina.startup.VersionLoggerListener.log Command line argument: -Djava.io.tmpdir=/Users/yurichoi/Library/CloudStorage/OneDrive-UTS/ASD/AdvSoftwareDevG3/apache-tomcat-11.0.0-M26/temp
08-Oct-2024 01:59:05.171 INFO [main] org.apache.catalina.core.AprLifecycleListener.lifecycleEvent The Apache Tomcat Native library which allows using OpenSSL was not found on the java.library.path: [/Users/yurichoi/Library/Java/Extensions:/Library/Java/Extensions:/Network/Library/Java/Extensions:/System/Library/Java/Extensions:/usr/lib/java:.]
08-Oct-2024 01:59:05.406 INFO [main] org.apache.coyote.AbstractProtocol.init Initializing ProtocolHandler ["http-nio-8080"]
08-Oct-2024 01:59:05.431 INFO [main] org.apache.catalina.startup.Catalina.load Server initialization in [409] milliseconds
08-Oct-2024 01:59:05.461 INFO [main] org.apache.catalina.core.StandardService.startInternal Starting service [Catalina]
08-Oct-2024 01:59:05.461 INFO [main] org.apache.catalina.core.StandardEngine.startInternal Starting Servlet engine: [Apache Tomcat/11.0.0-M26]
08-Oct-2024 01:59:05.467 INFO [main] org.apache.catalina.startup.HostConfig.deployDirectory Deploying web application directory [/Users/yurichoi/Library/CloudStorage/OneDrive-UTS/ASD/AdvSoftwareDevG3/apache-tomcat-11.0.0-M26/webapps/docs]
08-Oct-2024 01:59:05.679 INFO [main] org.apache.catalina.startup.HostConfig.deployDirectory Deployment of web application directory [/Users/yurichoi/Library/CloudStorage/OneDrive-UTS/ASD/AdvSoftwareDevG3/apache-tomcat-11.0.0-M26/webapps/docs] has finished in [213] ms
08-Oct-2024 01:59:05.679 INFO [main] org.apache.catalina.startup.HostConfig.deployDirectory Deploying web application directory [/Users/yurichoi/Library/CloudStorage/OneDrive-UTS/ASD/AdvSoftwareDevG3/apache-tomcat-11.0.0-M26/webapps/manager]
08-Oct-2024 01:59:05.707 INFO [main] org.apache.catalina.startup.HostConfig.deployDirectory Deployment of web application directory [/Users/yurichoi/Library/CloudStorage/OneDrive-UTS/ASD/AdvSoftwareDevG3/apache-tomcat-11.0.0-M26/webapps/manager] has finished in [28] ms
08-Oct-2024 01:59:05.707 INFO [main] org.apache.catalina.startup.HostConfig.deployDirectory Deploying web application directory [/Users/yurichoi/Library/CloudStorage/OneDrive-UTS/ASD/AdvSoftwareDevG3/apache-tomcat-11.0.0-M26/webapps/examples]
08-Oct-2024 01:59:05.882 INFO [main] org.apache.catalina.startup.HostConfig.deployDirectory Deployment of web application directory [/Users/yurichoi/Library/CloudStorage/OneDrive-UTS/ASD/AdvSoftwareDevG3/apache-tomcat-11.0.0-M26/webapps/examples] has finished in [175] ms
08-Oct-2024 01:59:05.882 INFO [main] org.apache.catalina.startup.HostConfig.deployDirectory Deploying web application directory [/Users/yurichoi/Library/CloudStorage/OneDrive-UTS/ASD/AdvSoftwareDevG3/apache-tomcat-11.0.0-M26/webapps/ROOT]
08-Oct-2024 01:59:05.898 INFO [main] org.apache.catalina.startup.HostConfig.deployDirectory Deployment of web application directory [/Users/yurichoi/Library/CloudStorage/OneDrive-UTS/ASD/AdvSoftwareDevG3/apache-tomcat-11.0.0-M26/webapps/ROOT] has finished in [16] ms
08-Oct-2024 01:59:05.899 INFO [main] org.apache.catalina.startup.HostConfig.deployDirectory Deploying web application directory [/Users/yurichoi/Library/CloudStorage/OneDrive-UTS/ASD/AdvSoftwareDevG3/apache-tomcat-11.0.0-M26/webapps/host-manager]
08-Oct-2024 01:59:05.913 INFO [main] org.apache.catalina.startup.HostConfig.deployDirectory Deployment of web application directory [/Users/yurichoi/Library/CloudStorage/OneDrive-UTS/ASD/AdvSoftwareDevG3/apache-tomcat-11.0.0-M26/webapps/host-manager] has finished in [15] ms
08-Oct-2024 01:59:05.916 INFO [main] org.apache.coyote.AbstractProtocol.start Starting ProtocolHandler ["http-nio-8080"]
08-Oct-2024 01:59:05.928 INFO [main] org.apache.catalina.startup.Catalina.start Server startup in [496] milliseconds
08-Oct-2024 02:14:16.994 INFO [Catalina-utility-1] org.apache.catalina.users.MemoryUserDatabase.backgroundProcess Reloading memory user database [UserDatabase] from updated source [file:/Users/yurichoi/Library/CloudStorage/OneDrive-UTS/ASD/AdvSoftwareDevG3/apache-tomcat-11.0.0-M26/conf/tomcat-users.xml]
08-Oct-2024 02:14:16.999 SEVERE [Catalina-utility-1] org.apache.catalina.users.MemoryUserDatabase.open The specified user database [conf/tomcat-users.xml] could not be found
08-Oct-2024 02:14:17.522 INFO [Catalina-utility-1] org.apache.catalina.startup.HostConfig.undeploy Undeploying context []
08-Oct-2024 02:14:17.554 WARNING [Catalina-utility-1] org.apache.catalina.loader.WebappClassLoaderBase.clearReferencesJdbc JDBC driver de-registration failed for web application [ROOT]
	java.lang.NullPointerException: Cannot invoke "java.io.InputStream.read(byte[], int, int)" because "is" is null
		at org.apache.catalina.loader.WebappClassLoaderBase.clearReferencesJdbc(WebappClassLoaderBase.java:1419)
		at org.apache.catalina.loader.WebappClassLoaderBase.clearReferences(WebappClassLoaderBase.java:1368)
		at org.apache.catalina.loader.WebappClassLoaderBase.stop(WebappClassLoaderBase.java:1306)
		at org.apache.catalina.loader.WebappLoader.stopInternal(WebappLoader.java:370)
		at org.apache.catalina.util.LifecycleBase.stop(LifecycleBase.java:231)
		at org.apache.catalina.core.StandardContext.stopInternal(StandardContext.java:4653)
		at org.apache.catalina.util.LifecycleBase.stop(LifecycleBase.java:231)
		at org.apache.catalina.core.ContainerBase.removeChild(ContainerBase.java:626)
		at org.apache.catalina.startup.HostConfig.undeploy(HostConfig.java:1447)
		at org.apache.catalina.startup.HostConfig.checkResources(HostConfig.java:1376)
		at org.apache.catalina.startup.HostConfig.check(HostConfig.java:1629)
		at org.apache.catalina.startup.HostConfig.lifecycleEvent(HostConfig.java:263)
		at org.apache.catalina.util.LifecycleBase.fireLifecycleEvent(LifecycleBase.java:109)
		at org.apache.catalina.core.ContainerBase.backgroundProcess(ContainerBase.java:940)
		at org.apache.catalina.core.ContainerBase$ContainerBackgroundProcessor.processChildren(ContainerBase.java:1139)
		at org.apache.catalina.core.ContainerBase$ContainerBackgroundProcessor.processChildren(ContainerBase.java:1143)
		at org.apache.catalina.core.ContainerBase$ContainerBackgroundProcessor.run(ContainerBase.java:1121)
		at java.base/java.util.concurrent.Executors$RunnableAdapter.call(Executors.java:572)
		at java.base/java.util.concurrent.FutureTask.runAndReset(FutureTask.java:358)
		at java.base/java.util.concurrent.ScheduledThreadPoolExecutor$ScheduledFutureTask.run(ScheduledThreadPoolExecutor.java:305)
		at java.base/java.util.concurrent.ThreadPoolExecutor.runWorker(ThreadPoolExecutor.java:1144)
		at java.base/java.util.concurrent.ThreadPoolExecutor$Worker.run(ThreadPoolExecutor.java:642)
		at org.apache.tomcat.util.threads.TaskThread$WrappingRunnable.run(TaskThread.java:63)
		at java.base/java.lang.Thread.run(Thread.java:1570)
08-Oct-2024 02:14:18.087 INFO [Catalina-utility-1] org.apache.catalina.startup.HostConfig.undeploy Undeploying context [/examples]
08-Oct-2024 02:14:18.096 WARNING [Catalina-utility-1] org.apache.catalina.loader.WebappClassLoaderBase.clearReferencesJdbc JDBC driver de-registration failed for web application [examples]
	java.lang.IllegalStateException: java.nio.file.NoSuchFileException: /Users/yurichoi/Library/CloudStorage/OneDrive-UTS/ASD/AdvSoftwareDevG3/apache-tomcat-11.0.0-M26/webapps/examples/WEB-INF/lib/taglibs-standard-spec-1.2.5-migrated-0.0.1.jar
		at org.apache.catalina.webresources.AbstractSingleArchiveResourceSet.getArchiveEntry(AbstractSingleArchiveResourceSet.java:99)
		at org.apache.catalina.webresources.AbstractArchiveResourceSet.getResource(AbstractArchiveResourceSet.java:250)
		at org.apache.catalina.webresources.StandardRoot.getResourceInternal(StandardRoot.java:272)
		at org.apache.catalina.webresources.Cache.getResource(Cache.java:64)
		at org.apache.catalina.webresources.StandardRoot.getResource(StandardRoot.java:211)
		at org.apache.catalina.webresources.StandardRoot.getClassLoaderResource(StandardRoot.java:220)
		at org.apache.catalina.loader.WebappClassLoaderBase.getResourceAsStream(WebappClassLoaderBase.java:926)
		at org.apache.catalina.loader.WebappClassLoaderBase.clearReferencesJdbc(WebappClassLoaderBase.java:1418)
		at org.apache.catalina.loader.WebappClassLoaderBase.clearReferences(WebappClassLoaderBase.java:1368)
		at org.apache.catalina.loader.WebappClassLoaderBase.stop(WebappClassLoaderBase.java:1306)
		at org.apache.catalina.loader.WebappLoader.stopInternal(WebappLoader.java:370)
		at org.apache.catalina.util.LifecycleBase.stop(LifecycleBase.java:231)
		at org.apache.catalina.core.StandardContext.stopInternal(StandardContext.java:4653)
		at org.apache.catalina.util.LifecycleBase.stop(LifecycleBase.java:231)
		at org.apache.catalina.core.ContainerBase.removeChild(ContainerBase.java:626)
		at org.apache.catalina.startup.HostConfig.undeploy(HostConfig.java:1447)
		at org.apache.catalina.startup.HostConfig.checkResources(HostConfig.java:1376)
		at org.apache.catalina.startup.HostConfig.check(HostConfig.java:1629)
		at org.apache.catalina.startup.HostConfig.lifecycleEvent(HostConfig.java:263)
		at org.apache.catalina.util.LifecycleBase.fireLifecycleEvent(LifecycleBase.java:109)
		at org.apache.catalina.core.ContainerBase.backgroundProcess(ContainerBase.java:940)
		at org.apache.catalina.core.ContainerBase$ContainerBackgroundProcessor.processChildren(ContainerBase.java:1139)
		at org.apache.catalina.core.ContainerBase$ContainerBackgroundProcessor.processChildren(ContainerBase.java:1143)
		at org.apache.catalina.core.ContainerBase$ContainerBackgroundProcessor.run(ContainerBase.java:1121)
		at java.base/java.util.concurrent.Executors$RunnableAdapter.call(Executors.java:572)
		at java.base/java.util.concurrent.FutureTask.runAndReset(FutureTask.java:358)
		at java.base/java.util.concurrent.ScheduledThreadPoolExecutor$ScheduledFutureTask.run(ScheduledThreadPoolExecutor.java:305)
		at java.base/java.util.concurrent.ThreadPoolExecutor.runWorker(ThreadPoolExecutor.java:1144)
		at java.base/java.util.concurrent.ThreadPoolExecutor$Worker.run(ThreadPoolExecutor.java:642)
		at org.apache.tomcat.util.threads.TaskThread$WrappingRunnable.run(TaskThread.java:63)
		at java.base/java.lang.Thread.run(Thread.java:1570)
	Caused by: java.nio.file.NoSuchFileException: /Users/yurichoi/Library/CloudStorage/OneDrive-UTS/ASD/AdvSoftwareDevG3/apache-tomcat-11.0.0-M26/webapps/examples/WEB-INF/lib/taglibs-standard-spec-1.2.5-migrated-0.0.1.jar
		at java.base/sun.nio.fs.UnixException.translateToIOException(UnixException.java:92)
		at java.base/sun.nio.fs.UnixException.rethrowAsIOException(UnixException.java:106)
		at java.base/sun.nio.fs.UnixException.rethrowAsIOException(UnixException.java:111)
		at java.base/sun.nio.fs.UnixFileAttributeViews$Basic.readAttributes(UnixFileAttributeViews.java:56)
		at java.base/sun.nio.fs.UnixFileSystemProvider.readAttributes(UnixFileSystemProvider.java:171)
		at java.base/java.nio.file.Files.readAttributes(Files.java:1858)
		at java.base/java.util.zip.ZipFile$Source.get(ZipFile.java:1491)
		at java.base/java.util.zip.ZipFile$CleanableResource.<init>(ZipFile.java:724)
		at java.base/java.util.zip.ZipFile.<init>(ZipFile.java:251)
		at java.base/java.util.zip.ZipFile.<init>(ZipFile.java:180)
		at java.base/java.util.jar.JarFile.<init>(JarFile.java:345)
		at org.apache.catalina.webresources.AbstractArchiveResourceSet.openJarFile(AbstractArchiveResourceSet.java:299)
		at org.apache.catalina.webresources.AbstractSingleArchiveResourceSet.getArchiveEntry(AbstractSingleArchiveResourceSet.java:95)
		... 30 more
08-Oct-2024 02:14:18.609 INFO [Catalina-utility-1] org.apache.catalina.startup.HostConfig.undeploy Undeploying context [/host-manager]
08-Oct-2024 02:14:18.616 WARNING [Catalina-utility-1] org.apache.catalina.loader.WebappClassLoaderBase.clearReferencesJdbc JDBC driver de-registration failed for web application [host-manager]
	java.lang.NullPointerException: Cannot invoke "java.io.InputStream.read(byte[], int, int)" because "is" is null
		at org.apache.catalina.loader.WebappClassLoaderBase.clearReferencesJdbc(WebappClassLoaderBase.java:1419)
		at org.apache.catalina.loader.WebappClassLoaderBase.clearReferences(WebappClassLoaderBase.java:1368)
		at org.apache.catalina.loader.WebappClassLoaderBase.stop(WebappClassLoaderBase.java:1306)
		at org.apache.catalina.loader.WebappLoader.stopInternal(WebappLoader.java:370)
		at org.apache.catalina.util.LifecycleBase.stop(LifecycleBase.java:231)
		at org.apache.catalina.core.StandardContext.stopInternal(StandardContext.java:4653)
		at org.apache.catalina.util.LifecycleBase.stop(LifecycleBase.java:231)
		at org.apache.catalina.core.ContainerBase.removeChild(ContainerBase.java:626)
		at org.apache.catalina.startup.HostConfig.undeploy(HostConfig.java:1447)
		at org.apache.catalina.startup.HostConfig.checkResources(HostConfig.java:1376)
		at org.apache.catalina.startup.HostConfig.check(HostConfig.java:1629)
		at org.apache.catalina.startup.HostConfig.lifecycleEvent(HostConfig.java:263)
		at org.apache.catalina.util.LifecycleBase.fireLifecycleEvent(LifecycleBase.java:109)
		at org.apache.catalina.core.ContainerBase.backgroundProcess(ContainerBase.java:940)
		at org.apache.catalina.core.ContainerBase$ContainerBackgroundProcessor.processChildren(ContainerBase.java:1139)
		at org.apache.catalina.core.ContainerBase$ContainerBackgroundProcessor.processChildren(ContainerBase.java:1143)
		at org.apache.catalina.core.ContainerBase$ContainerBackgroundProcessor.run(ContainerBase.java:1121)
		at java.base/java.util.concurrent.Executors$RunnableAdapter.call(Executors.java:572)
		at java.base/java.util.concurrent.FutureTask.runAndReset(FutureTask.java:358)
		at java.base/java.util.concurrent.ScheduledThreadPoolExecutor$ScheduledFutureTask.run(ScheduledThreadPoolExecutor.java:305)
		at java.base/java.util.concurrent.ThreadPoolExecutor.runWorker(ThreadPoolExecutor.java:1144)
		at java.base/java.util.concurrent.ThreadPoolExecutor$Worker.run(ThreadPoolExecutor.java:642)
		at org.apache.tomcat.util.threads.TaskThread$WrappingRunnable.run(TaskThread.java:63)
		at java.base/java.lang.Thread.run(Thread.java:1570)
08-Oct-2024 02:14:19.125 INFO [Catalina-utility-1] org.apache.catalina.startup.HostConfig.undeploy Undeploying context [/manager]
08-Oct-2024 02:14:19.128 WARNING [Catalina-utility-1] org.apache.catalina.loader.WebappClassLoaderBase.clearReferencesJdbc JDBC driver de-registration failed for web application [manager]
	java.lang.NullPointerException: Cannot invoke "java.io.InputStream.read(byte[], int, int)" because "is" is null
		at org.apache.catalina.loader.WebappClassLoaderBase.clearReferencesJdbc(WebappClassLoaderBase.java:1419)
		at org.apache.catalina.loader.WebappClassLoaderBase.clearReferences(WebappClassLoaderBase.java:1368)
		at org.apache.catalina.loader.WebappClassLoaderBase.stop(WebappClassLoaderBase.java:1306)
		at org.apache.catalina.loader.WebappLoader.stopInternal(WebappLoader.java:370)
		at org.apache.catalina.util.LifecycleBase.stop(LifecycleBase.java:231)
		at org.apache.catalina.core.StandardContext.stopInternal(StandardContext.java:4653)
		at org.apache.catalina.util.LifecycleBase.stop(LifecycleBase.java:231)
		at org.apache.catalina.core.ContainerBase.removeChild(ContainerBase.java:626)
		at org.apache.catalina.startup.HostConfig.undeploy(HostConfig.java:1447)
		at org.apache.catalina.startup.HostConfig.checkResources(HostConfig.java:1376)
		at org.apache.catalina.startup.HostConfig.check(HostConfig.java:1629)
		at org.apache.catalina.startup.HostConfig.lifecycleEvent(HostConfig.java:263)
		at org.apache.catalina.util.LifecycleBase.fireLifecycleEvent(LifecycleBase.java:109)
		at org.apache.catalina.core.ContainerBase.backgroundProcess(ContainerBase.java:940)
		at org.apache.catalina.core.ContainerBase$ContainerBackgroundProcessor.processChildren(ContainerBase.java:1139)
		at org.apache.catalina.core.ContainerBase$ContainerBackgroundProcessor.processChildren(ContainerBase.java:1143)
		at org.apache.catalina.core.ContainerBase$ContainerBackgroundProcessor.run(ContainerBase.java:1121)
		at java.base/java.util.concurrent.Executors$RunnableAdapter.call(Executors.java:572)
		at java.base/java.util.concurrent.FutureTask.runAndReset(FutureTask.java:358)
		at java.base/java.util.concurrent.ScheduledThreadPoolExecutor$ScheduledFutureTask.run(ScheduledThreadPoolExecutor.java:305)
		at java.base/java.util.concurrent.ThreadPoolExecutor.runWorker(ThreadPoolExecutor.java:1144)
		at java.base/java.util.concurrent.ThreadPoolExecutor$Worker.run(ThreadPoolExecutor.java:642)
		at org.apache.tomcat.util.threads.TaskThread$WrappingRunnable.run(TaskThread.java:63)
		at java.base/java.lang.Thread.run(Thread.java:1570)
08-Oct-2024 02:14:19.636 INFO [Catalina-utility-1] org.apache.catalina.startup.HostConfig.undeploy Undeploying context [/docs]
08-Oct-2024 02:14:19.639 WARNING [Catalina-utility-1] org.apache.catalina.loader.WebappClassLoaderBase.clearReferencesJdbc JDBC driver de-registration failed for web application [docs]
	java.lang.NullPointerException: Cannot invoke "java.io.InputStream.read(byte[], int, int)" because "is" is null
		at org.apache.catalina.loader.WebappClassLoaderBase.clearReferencesJdbc(WebappClassLoaderBase.java:1419)
		at org.apache.catalina.loader.WebappClassLoaderBase.clearReferences(WebappClassLoaderBase.java:1368)
		at org.apache.catalina.loader.WebappClassLoaderBase.stop(WebappClassLoaderBase.java:1306)
		at org.apache.catalina.loader.WebappLoader.stopInternal(WebappLoader.java:370)
		at org.apache.catalina.util.LifecycleBase.stop(LifecycleBase.java:231)
		at org.apache.catalina.core.StandardContext.stopInternal(StandardContext.java:4653)
		at org.apache.catalina.util.LifecycleBase.stop(LifecycleBase.java:231)
		at org.apache.catalina.core.ContainerBase.removeChild(ContainerBase.java:626)
		at org.apache.catalina.startup.HostConfig.undeploy(HostConfig.java:1447)
		at org.apache.catalina.startup.HostConfig.checkResources(HostConfig.java:1376)
		at org.apache.catalina.startup.HostConfig.check(HostConfig.java:1629)
		at org.apache.catalina.startup.HostConfig.lifecycleEvent(HostConfig.java:263)
		at org.apache.catalina.util.LifecycleBase.fireLifecycleEvent(LifecycleBase.java:109)
		at org.apache.catalina.core.ContainerBase.backgroundProcess(ContainerBase.java:940)
		at org.apache.catalina.core.ContainerBase$ContainerBackgroundProcessor.processChildren(ContainerBase.java:1139)
		at org.apache.catalina.core.ContainerBase$ContainerBackgroundProcessor.processChildren(ContainerBase.java:1143)
		at org.apache.catalina.core.ContainerBase$ContainerBackgroundProcessor.run(ContainerBase.java:1121)
		at java.base/java.util.concurrent.Executors$RunnableAdapter.call(Executors.java:572)
		at java.base/java.util.concurrent.FutureTask.runAndReset(FutureTask.java:358)
		at java.base/java.util.concurrent.ScheduledThreadPoolExecutor$ScheduledFutureTask.run(ScheduledThreadPoolExecutor.java:305)
		at java.base/java.util.concurrent.ThreadPoolExecutor.runWorker(ThreadPoolExecutor.java:1144)
		at java.base/java.util.concurrent.ThreadPoolExecutor$Worker.run(ThreadPoolExecutor.java:642)
		at org.apache.tomcat.util.threads.TaskThread$WrappingRunnable.run(TaskThread.java:63)
		at java.base/java.lang.Thread.run(Thread.java:1570)
08-Oct-2024 02:21:30.042 INFO [Catalina-utility-1] org.apache.catalina.users.MemoryUserDatabase.backgroundProcess Reloading memory user database [UserDatabase] from updated source [file:/Users/yurichoi/Library/CloudStorage/OneDrive-UTS/ASD/AdvSoftwareDevG3/apache-tomcat-11.0.0-M26/conf/tomcat-users.xml]
08-Oct-2024 02:21:30.081 INFO [Catalina-utility-1] org.apache.catalina.startup.HostConfig.deployDirectory Deploying web application directory [/Users/yurichoi/Library/CloudStorage/OneDrive-UTS/ASD/AdvSoftwareDevG3/apache-tomcat-11.0.0-M26/webapps/docs]
08-Oct-2024 02:21:30.243 INFO [Catalina-utility-1] org.apache.catalina.startup.HostConfig.deployDirectory Deployment of web application directory [/Users/yurichoi/Library/CloudStorage/OneDrive-UTS/ASD/AdvSoftwareDevG3/apache-tomcat-11.0.0-M26/webapps/docs] has finished in [164] ms
08-Oct-2024 02:21:30.243 INFO [Catalina-utility-1] org.apache.catalina.startup.HostConfig.deployDirectory Deploying web application directory [/Users/yurichoi/Library/CloudStorage/OneDrive-UTS/ASD/AdvSoftwareDevG3/apache-tomcat-11.0.0-M26/webapps/manager]
08-Oct-2024 02:21:30.352 INFO [Catalina-utility-1] org.apache.catalina.startup.HostConfig.deployDirectory Deployment of web application directory [/Users/yurichoi/Library/CloudStorage/OneDrive-UTS/ASD/AdvSoftwareDevG3/apache-tomcat-11.0.0-M26/webapps/manager] has finished in [109] ms
08-Oct-2024 02:21:30.353 INFO [Catalina-utility-1] org.apache.catalina.startup.HostConfig.deployDirectory Deploying web application directory [/Users/yurichoi/Library/CloudStorage/OneDrive-UTS/ASD/AdvSoftwareDevG3/apache-tomcat-11.0.0-M26/webapps/examples]
08-Oct-2024 02:21:31.008 INFO [Catalina-utility-1] org.apache.catalina.startup.HostConfig.deployDirectory Deployment of web application directory [/Users/yurichoi/Library/CloudStorage/OneDrive-UTS/ASD/AdvSoftwareDevG3/apache-tomcat-11.0.0-M26/webapps/examples] has finished in [655] ms
08-Oct-2024 02:21:31.008 INFO [Catalina-utility-1] org.apache.catalina.startup.HostConfig.deployDirectory Deploying web application directory [/Users/yurichoi/Library/CloudStorage/OneDrive-UTS/ASD/AdvSoftwareDevG3/apache-tomcat-11.0.0-M26/webapps/ROOT]
08-Oct-2024 02:21:31.028 INFO [Catalina-utility-1] org.apache.catalina.startup.HostConfig.deployDirectory Deployment of web application directory [/Users/yurichoi/Library/CloudStorage/OneDrive-UTS/ASD/AdvSoftwareDevG3/apache-tomcat-11.0.0-M26/webapps/ROOT] has finished in [20] ms
08-Oct-2024 02:21:31.029 INFO [Catalina-utility-1] org.apache.catalina.startup.HostConfig.deployDirectory Deploying web application directory [/Users/yurichoi/Library/CloudStorage/OneDrive-UTS/ASD/AdvSoftwareDevG3/apache-tomcat-11.0.0-M26/webapps/host-manager]
08-Oct-2024 02:21:31.057 INFO [Catalina-utility-1] org.apache.catalina.startup.HostConfig.deployDirectory Deployment of web application directory [/Users/yurichoi/Library/CloudStorage/OneDrive-UTS/ASD/AdvSoftwareDevG3/apache-tomcat-11.0.0-M26/webapps/host-manager] has finished in [28] ms
08-Oct-2024 02:41:31.363 INFO [main] org.apache.catalina.core.StandardServer.await A valid shutdown command was received via the shutdown port. Stopping the Server instance.
08-Oct-2024 02:41:31.365 INFO [main] org.apache.coyote.AbstractProtocol.pause Pausing ProtocolHandler ["http-nio-8080"]
08-Oct-2024 02:41:31.376 INFO [main] org.apache.catalina.core.StandardService.stopInternal Stopping service [Catalina]
08-Oct-2024 02:41:31.408 INFO [main] org.apache.coyote.AbstractProtocol.stop Stopping ProtocolHandler ["http-nio-8080"]
08-Oct-2024 02:41:31.414 INFO [main] org.apache.coyote.AbstractProtocol.destroy Destroying ProtocolHandler ["http-nio-8080"]
